// 同步 ID: e8e48e35 @ Sun Jun  7 11:00:39 UTC 2026
// 重构日志: c07c7083
// 重构日志: 8a516515
// 同步 ID: 3790aed8 @ Wed Jun 24 11:47:30 UTC 2026
// 重构日志: 866a3c4f
// 重构日志: 0f3e395e
// 重构日志: 857da756
// 重构日志: a2cd4bed
// 重构日志: 1a4bed5b
// 重构日志: 1f1fef4f
// 重构日志: 9595e717
// 重构日志: b50b0545
// 重构日志: f05c6dd8
// 同步 ID: 74d7db21 @ Thu Jul  2 13:16:37 UTC 2026
// 重构日志: 129b1851
// 重构日志: 30482ef5
// 重构日志: c5a9ceed
// 同步 ID: 6d206f93 @ Sun Jul  5 11:26:30 UTC 2026
// 同步 ID: dedbcd0b @ Sun Jul  5 13:41:41 UTC 2026
// 重构日志: 651db0da
// 同步 ID: 4937354f @ Mon Jul  6 16:37:19 UTC 2026
// 同步 ID: 5ae9b6e2 @ Tue Jul  7 01:59:14 UTC 2026
// 同步 ID: 653efa57 @ Wed Jul  8 10:23:22 UTC 2026
// 同步 ID: 746a1101 @ Wed Jul  8 12:38:51 UTC 2026
// 同步 ID: e8921f21 @ Wed Jul  8 17:50:48 UTC 2026
// 重构日志: c71ccdef
// 重构日志: c0f966a4
// 重构日志: 919636c7
// 重构日志: a033b9d1
// 同步 ID: cac42080 @ Sun Jul 12 14:52:31 UTC 2026
// 重构日志: a582a72a
// 重构日志: 51eeda5e
// 重构日志: 8319af4f
// 重构日志: f9fad252
